2022-05-30T04:32:51Z INF Thank you for trying Cloudflare Tunnel. Doing so, without a Cloudflare account, is a quick way to experiment and try it out. However, be aware that these account-less Tunnels have no uptime guarantee. If you intend to use Tunnels in production you should use a pre-created named tunnel by following: https://developers.cloudflare.com/cloudflare-one/connections/connect-apps
2022-05-30T04:32:51Z INF Requesting new quick Tunnel on trycloudflare.com...
2022-05-30T04:32:52Z INF +--------------------------------------------------------------------------------------------+
2022-05-30T04:32:52Z INF |  Your quick Tunnel has been created! Visit it at (it may take some time to be reachable):  |
2022-05-30T04:32:52Z INF |  https://resolved-party-experiments-eddie.trycloudflare.com                                |
2022-05-30T04:32:52Z INF +--------------------------------------------------------------------------------------------+
2022-05-30T04:32:52Z INF Cannot determine default configuration path. No file [config.yml config.yaml] in [~/.cloudflared ~/.cloudflare-warp ~/cloudflare-warp /etc/cloudflared /usr/local/etc/cloudflared]
2022-05-30T04:32:52Z INF Version 2022.5.1
2022-05-30T04:32:52Z INF GOOS: linux, GOVersion: go1.17.5, GoArch: amd64
2022-05-30T04:32:52Z INF Settings: map[protocol:quic url:127.0.0.1:8080]
2022-05-30T04:32:52Z INF Generated Connector ID: f4088337-b856-453c-bfbf-7e78e519c0d0
2022-05-30T04:32:52Z INF Autoupdate frequency is set autoupdateFreq=86400000
2022-05-30T04:32:52Z INF Initial protocol quic
2022-05-30T04:32:52Z INF Starting metrics server on 127.0.0.1:42651/metrics
2022/05/30 00:32:52 failed to sufficiently increase receive buffer size (was: 208 kiB, wanted: 2048 kiB, got: 416 kiB). See https://github.com/lucas-clemente/quic-go/wiki/UDP-Receive-Buffer-Size for details.
2022-05-30T04:32:52Z ERR Failed to serve quic connection error="Unauthorized: Failed to get tunnel" connIndex=0
2022-05-30T04:32:52Z ERR Register tunnel error from server side error="Unauthorized: Failed to get tunnel" connIndex=0
2022-05-30T04:32:53Z INF Retrying connection in up to 2s seconds connIndex=0
2022-05-30T04:32:55Z ERR Failed to serve quic connection error="Unauthorized: Failed to get tunnel" connIndex=0
2022-05-30T04:32:55Z ERR Register tunnel error from server side error="Unauthorized: Failed to get tunnel" connIndex=0
2022-05-30T04:32:55Z INF Retrying connection in up to 4s seconds connIndex=0
2022-05-30T04:32:56Z ERR Failed to serve quic connection error="Unauthorized: Failed to get tunnel" connIndex=0
2022-05-30T04:32:56Z ERR Register tunnel error from server side error="Unauthorized: Failed to get tunnel" connIndex=0
2022-05-30T04:32:56Z INF Retrying connection in up to 8s seconds connIndex=0
2022-05-30T04:33:03Z INF Connection aa55f244-c62b-4586-b396-c5b37a0a2063 registered connIndex=0 location=MIA
2022-05-30T04:33:04Z INF Connection 0ce9fe7f-aefd-4a1f-829b-3997d837772c registered connIndex=1 location=IAD
2022-05-30T04:33:05Z INF Connection 0e4f5b51-8e7a-4bc9-b77b-4d7cf6af6ba2 registered connIndex=2 location=MIA
2022-05-30T04:33:06Z INF Connection e4d45444-c37f-45be-bce9-3821dfa6a52d registered connIndex=3 location=ATL
2022-05-30T04:34:36Z INF Initiating graceful shutdown due to signal interrupt ...
